KCPSM6 Assembler log file for program 'C:\Vivado\pico_blaze_as7\pico_blaze_as7.srcs\sources_1\imports\Temp\tutorial.psm'.
Generated by KCPSM6 version v2.70
Ken Chapman - Xilinx Ltd - 16th May 2014

Assembly datestamp: 04 Mar 2018
Assembly timestamp: 23:58:22

Contents
  Assembly listing
  List of PSM files
  List of CONSTANTs
  List of TABLEs
  List of STRINGs
  List of line labels
  Instruction usage statistics


Last occupied address: 006 hex
Nominal program memory size: 1K (1024)   address(9:0)
Actual memory size: 4096
  (Default memory size)
Occupied memory locations: 7
Memory locations available: 4089


Assembly listing

 Addr Code               Instruction

 000                     ;  your_program.psm
 000                     ;
 000                     ;  This is the start of 'your_program' for KCPSM6
 000                     ;
 000                     ; LEDs
 000                     CONSTANT Led_port, 01
 000                     ;
 000                     ; Switches
 000                     CONSTANT Sw_port, 00
 000                     ;
 000  22004              JUMP 004[cold_start]
 001  22004              JUMP 004[cold_start]
 002  22004              JUMP 004[cold_start]
 003  22004              JUMP 004[cold_start]
 004         cold_start: 
 004  09000              INPUT s0, 00[Sw_port]
 005  2D001              OUTPUT s0, 01[Led_port]
 006  22004              JUMP 004[cold_start]


All unused memory locations contain zero (equivalent to 'LOAD s0, s0')



List of PSM files that have been assembled

C:\Vivado\pico_blaze_as7\pico_blaze_as7.srcs\sources_1\imports\Temp\tutorial.psm



List of defined constants

 CONSTANT name     Value        Source PSM File

 timestamp_hours   23'd         
 timestamp_minutes 58'd         
 timestamp_seconds 22'd         
 datestamp_year    18'd         
 datestamp_month   3'd          
 datestamp_day     04'd         
 NUL               00           
 BEL               07           
 BS                08           
 HT                09           
 LF                0A           
 VT                0B           
 CR                0D           
 ESC               1B           
 DEL               7F           
 DCS               90           
 ST                9C           
 Led_port          01           tutorial.psm
 Sw_port           00           tutorial.psm



No TABLEs defined



List of text strings

 STRING name       String         Source PSM File

 KCPSM6_version$   "v2.70"        
 datestamp$        "04 Mar 2018"  
 timestamp$        "23:58:22"     



List of line labels

   Label        Addr  Source PSM File

   cold_start   004   tutorial.psm



Instruction usage statistics

 Instruction    Instances

 LOAD              -
 STAR              -

 AND               -
 OR                -
 XOR               -

 ADD               -
 ADDCY             -
 SUB               -
 SUBCY             -

 TEST              -
 TESTCY            -
 COMPARE           -
 COMPARECY         -

 SL0               -
 SL1               -
 SLX               -
 SLA               -
 RL                -
 SR0               -
 SR1               -
 SRX               -
 SRA               -
 RR                -

 REGBANK           -

 INPUT             1
 OUTPUT            1
 OUTPUTK           -

 STORE             -
 FETCH             -

 DISABLE           -
 ENABLE            -
 RETURNI           -

 JUMP              5
 JUMP@             -
 CALL              -
 CALL@             -
 RETURN            -
 LOAD&RETURN       -

 HWBUILD           -



End of KCPSM6 log file.
